mar 22, 2020 8:42:43 AM com.redhat.quarkus.ls.QuarkusLanguageServer initialize
INFORMAÇÕES: Initializing Quarkus server 0.0.4-20191120-1547 with /opt/idea-IU-192.5728.98/jbr
mar 22, 2020 8:42:58 AM com.redhat.quarkus.services.QuarkusCompletions doComplete
GRAVE: In QuarkusCompletion, position error
com.redhat.quarkus.ls.commons.BadLocationException: The character value, {28} of the line0}, is out of bounds.
	at com.redhat.quarkus.ls.commons.TreeLineTracker.getOffsetAt(TreeLineTracker.java:1214)
	at com.redhat.quarkus.ls.commons.TextDocument.offsetAt(TextDocument.java:76)
	at com.redhat.quarkus.model.PropertiesModel.offsetAt(PropertiesModel.java:168)
	at com.redhat.quarkus.services.QuarkusCompletions.doComplete(QuarkusCompletions.java:76)
	at com.redhat.quarkus.services.QuarkusLanguageService.doComplete(QuarkusLanguageService.java:83)
	at com.redhat.quarkus.ls.QuarkusTextDocumentService.lambda$null$1(QuarkusTextDocumentService.java:144)
	at java.base/java.util.concurrent.CompletableFuture.biApply(CompletableFuture.java:1236)
	at java.base/java.util.concurrent.CompletableFuture$BiApply.tryFire(CompletableFuture.java:1205)
	at java.base/java.util.concurrent.CompletableFuture$Completion.exec(CompletableFuture.java:479)
	at java.base/java.util.concurrent.ForkJoinTask.doExec(ForkJoinTask.java:290)
	at java.base/java.util.concurrent.ForkJoinPool$WorkQueue.topLevelExec(ForkJoinPool.java:1020)
	at java.base/java.util.concurrent.ForkJoinPool.scan(ForkJoinPool.java:1656)
	at java.base/java.util.concurrent.ForkJoinPool.runWorker(ForkJoinPool.java:1594)
	at java.base/java.util.concurrent.ForkJoinWorkerThread.run(ForkJoinWorkerThread.java:177)

mar 22, 2020 8:42:59 AM com.redhat.quarkus.services.QuarkusCompletions doComplete
GRAVE: In QuarkusCompletion, position error
com.redhat.quarkus.ls.commons.BadLocationException: The character value, {29} of the line0}, is out of bounds.
	at com.redhat.quarkus.ls.commons.TreeLineTracker.getOffsetAt(TreeLineTracker.java:1214)
	at com.redhat.quarkus.ls.commons.TextDocument.offsetAt(TextDocument.java:76)
	at com.redhat.quarkus.model.PropertiesModel.offsetAt(PropertiesModel.java:168)
	at com.redhat.quarkus.services.QuarkusCompletions.doComplete(QuarkusCompletions.java:76)
	at com.redhat.quarkus.services.QuarkusLanguageService.doComplete(QuarkusLanguageService.java:83)
	at com.redhat.quarkus.ls.QuarkusTextDocumentService.lambda$null$1(QuarkusTextDocumentService.java:144)
	at java.base/java.util.concurrent.CompletableFuture.biApply(CompletableFuture.java:1236)
	at java.base/java.util.concurrent.CompletableFuture$BiApply.tryFire(CompletableFuture.java:1205)
	at java.base/java.util.concurrent.CompletableFuture$Completion.exec(CompletableFuture.java:479)
	at java.base/java.util.concurrent.ForkJoinTask.doExec(ForkJoinTask.java:290)
	at java.base/java.util.concurrent.ForkJoinPool$WorkQueue.topLevelExec(ForkJoinPool.java:1020)
	at java.base/java.util.concurrent.ForkJoinPool.scan(ForkJoinPool.java:1656)
	at java.base/java.util.concurrent.ForkJoinPool.runWorker(ForkJoinPool.java:1594)
	at java.base/java.util.concurrent.ForkJoinWorkerThread.run(ForkJoinWorkerThread.java:177)

mar 22, 2020 8:50:08 AM com.redhat.quarkus.ls.QuarkusLanguageServer initialize
INFORMAÇÕES: Initializing Quarkus server 0.0.4-20191120-1547 with /opt/idea-IU-192.5728.98/jbr
mar 22, 2020 8:54:17 AM com.redhat.quarkus.ls.QuarkusLanguageServer initialize
INFORMAÇÕES: Initializing Quarkus server 0.0.4-20191120-1547 with /opt/idea-IU-192.5728.98/jbr
mar 22, 2020 9:05:28 AM com.redhat.quarkus.ls.QuarkusLanguageServer initialize
INFORMAÇÕES: Initializing Quarkus server 0.0.4-20191120-1547 with /opt/idea-IU-192.5728.98/jbr
mar 22, 2020 9:25:46 AM com.redhat.quarkus.ls.QuarkusLanguageServer initialize
INFORMAÇÕES: Initializing Quarkus server 0.0.4-20191120-1547 with /opt/idea-IU-192.5728.98/jbr
mar 22, 2020 9:56:25 AM com.redhat.quarkus.ls.QuarkusLanguageServer initialize
INFORMAÇÕES: Initializing Quarkus server 0.0.4-20191120-1547 with /opt/idea-IU-192.5728.98/jbr
mar 22, 2020 10:50:03 AM com.redhat.quarkus.ls.QuarkusLanguageServer initialize
INFORMAÇÕES: Initializing Quarkus server 0.0.4-20191120-1547 with /opt/idea-IU-192.5728.98/jbr
